CRITICAL - 2024-07-03 16:39:00 --> CodeIgniter\View\Exceptions\ViewException: Invalid file: "edgardegantea.php"
[Method: GET, Route: edgardegantea]
in SYSTEMPATH\Exceptions\FrameworkException.php on line 41.
 1 SYSTEMPATH\View\View.php(222): CodeIgniter\Exceptions\FrameworkException::forInvalidFile('edgardegantea.php')
 2 SYSTEMPATH\Common.php(1171): CodeIgniter\View\View->render('edgardegantea', [], true)
 3 APPPATH\Controllers\Home.php(15): view('edgardegantea')
 4 SYSTEMPATH\CodeIgniter.php(933): App\Controllers\Home->edgardegantea()
 5 SYSTEMPATH\CodeIgniter.php(509): CodeIgniter\CodeIgniter->runController(Object(App\Controllers\Home))
 6 SYSTEMPATH\CodeIgniter.php(355): CodeIgniter\CodeIgniter->handleRequest(null, Object(Config\Cache), false)
 7 SYSTEMPATH\Boot.php(325): CodeIgniter\CodeIgniter->run()
 8 SYSTEMPATH\Boot.php(67): CodeIgniter\Boot::runCodeIgniter(Object(CodeIgniter\CodeIgniter))
 9 FCPATH\index.php(56): CodeIgniter\Boot::bootWeb(Object(Config\Paths))
10 SYSTEMPATH\rewrite.php(44): require_once('D:\\en desarrollo\\mapaches\\public\\index.php')
CRITICAL - 2024-07-03 16:39:02 --> CodeIgniter\View\Exceptions\ViewException: Invalid file: "edgardegantea.php"
[Method: GET, Route: edgardegantea]
in SYSTEMPATH\Exceptions\FrameworkException.php on line 41.
 1 SYSTEMPATH\View\View.php(222): CodeIgniter\Exceptions\FrameworkException::forInvalidFile('edgardegantea.php')
 2 SYSTEMPATH\Common.php(1171): CodeIgniter\View\View->render('edgardegantea', [], true)
 3 APPPATH\Controllers\Home.php(15): view('edgardegantea')
 4 SYSTEMPATH\CodeIgniter.php(933): App\Controllers\Home->edgardegantea()
 5 SYSTEMPATH\CodeIgniter.php(509): CodeIgniter\CodeIgniter->runController(Object(App\Controllers\Home))
 6 SYSTEMPATH\CodeIgniter.php(355): CodeIgniter\CodeIgniter->handleRequest(null, Object(Config\Cache), false)
 7 SYSTEMPATH\Boot.php(325): CodeIgniter\CodeIgniter->run()
 8 SYSTEMPATH\Boot.php(67): CodeIgniter\Boot::runCodeIgniter(Object(CodeIgniter\CodeIgniter))
 9 FCPATH\index.php(56): CodeIgniter\Boot::bootWeb(Object(Config\Paths))
10 SYSTEMPATH\rewrite.php(44): require_once('D:\\en desarrollo\\mapaches\\public\\index.php')
